2019-03-26 18:53:02.833  INFO 86585 --- [Test worker] com.neo.controller.HelloTests            : Starting HelloTests on MacBook-Air.local with PID 86585 (started by log in /Users/log/myeclipse/myspringboot/spring-boot-package)
2019-03-26 18:53:02.838  INFO 86585 --- [Test worker] com.neo.controller.HelloTests            : No active profile set, falling back to default profiles: default
2019-03-26 18:53:07.139  INFO 86585 --- [Test worker] o.s.s.concurrent.ThreadPoolTaskExecutor  : Initializing ExecutorService 'applicationTaskExecutor'
2019-03-26 18:53:07.784  INFO 86585 --- [Test worker] com.neo.controller.HelloTests            : Started HelloTests in 5.902 seconds (JVM running for 8.587)
2019-03-26 18:53:08.935  INFO 86585 --- [Test worker] o.s.mock.web.MockServletContext          : Initializing Spring TestDispatcherServlet ''
2019-03-26 18:53:08.937  INFO 86585 --- [Test worker] o.s.t.web.servlet.TestDispatcherServlet  : Initializing Servlet ''
2019-03-26 18:53:08.938  INFO 86585 --- [Test worker] o.s.t.web.servlet.TestDispatcherServlet  : Completed initialization in 1 ms
2019-03-26 18:53:09.380  INFO 86585 --- [Test worker] .b.t.c.SpringBootTestContextBootstrapper : Neither @ContextConfiguration nor @ContextHierarchy found for test class [com.neo.controller.HelloWorldControlerTests], using SpringBootContextLoader
2019-03-26 18:53:09.382  INFO 86585 --- [Test worker] o.s.t.c.support.AbstractContextLoader    : Could not detect default resource locations for test class [com.neo.controller.HelloWorldControlerTests]: no resource found for suffixes {-context.xml, Context.groovy}.
2019-03-26 18:53:09.383  INFO 86585 --- [Test worker] t.c.s.AnnotationConfigContextLoaderUtils : Could not detect default configuration classes for test class [com.neo.controller.HelloWorldControlerTests]: HelloWorldControlerTests does not declare any static, non-private, non-final, nested classes annotated with @Configuration.
2019-03-26 18:53:09.385  INFO 86585 --- [Test worker] .b.t.c.SpringBootTestContextBootstrapper : Found @SpringBootConfiguration com.neo.PackageApplication for test class com.neo.controller.HelloWorldControlerTests
2019-03-26 18:53:09.389  INFO 86585 --- [Test worker] .b.t.c.SpringBootTestContextBootstrapper : Loaded default TestExecutionListener class names from location [META-INF/spring.factories]: [org.springframework.boot.test.autoconfigure.restdocs.RestDocsTestExecutionListener, org.springframework.boot.test.autoconfigure.web.client.MockRestServiceServerResetTestExecutionListener, org.springframework.boot.test.autoconfigure.web.servlet.MockMvcPrintOnlyOnFailureTestExecutionListener, org.springframework.boot.test.autoconfigure.web.servlet.WebDriverTestExecutionListener, org.springframework.boot.test.mock.mockito.MockitoTestExecutionListener, org.springframework.boot.test.mock.mockito.ResetMocksTestExecutionListener, org.springframework.test.context.web.ServletTestExecutionListener, org.springframework.test.context.support.DirtiesContextBeforeModesTestExecutionListener, org.springframework.test.context.support.DependencyInjectionTestExecutionListener, org.springframework.test.context.support.DirtiesContextTestExecutionListener, org.springframework.test.context.transaction.TransactionalTestExecutionListener, org.springframework.test.context.jdbc.SqlScriptsTestExecutionListener]
2019-03-26 18:53:09.393  INFO 86585 --- [Test worker] .b.t.c.SpringBootTestContextBootstrapper : Using TestExecutionListeners: [org.springframework.test.context.web.ServletTestExecutionListener@1d2fb14c, org.springframework.test.context.support.DirtiesContextBeforeModesTestExecutionListener@6bff4019, org.springframework.boot.test.mock.mockito.MockitoTestExecutionListener@46e55dc7, org.springframework.boot.test.autoconfigure.SpringBootDependencyInjectionTestExecutionListener@1037104, org.springframework.test.context.support.DirtiesContextTestExecutionListener@614605b9, org.springframework.boot.test.autoconfigure.restdocs.RestDocsTestExecutionListener@70286e00, org.springframework.boot.test.autoconfigure.web.client.MockRestServiceServerResetTestExecutionListener@1ccf0ea7, org.springframework.boot.test.autoconfigure.web.servlet.MockMvcPrintOnlyOnFailureTestExecutionListener@65ec76b, org.springframework.boot.test.autoconfigure.web.servlet.WebDriverTestExecutionListener@57e471d4, org.springframework.boot.test.mock.mockito.ResetMocksTestExecutionListener@648f4d46]
2019-03-26 18:53:09.426  INFO 86585 --- [Test worker] o.s.mock.web.MockServletContext          : Initializing Spring TestDispatcherServlet ''
2019-03-26 18:53:09.427  INFO 86585 --- [Test worker] o.s.t.web.servlet.TestDispatcherServlet  : Initializing Servlet ''
2019-03-26 18:53:09.428  INFO 86585 --- [Test worker] o.s.t.web.servlet.TestDispatcherServlet  : Completed initialization in 0 ms
2019-03-26 18:53:09.479  INFO 86585 --- [Test worker] .b.t.c.SpringBootTestContextBootstrapper : Neither @ContextConfiguration nor @ContextHierarchy found for test class [com.neo.PackageApplicationTests], using SpringBootContextLoader
2019-03-26 18:53:09.482  INFO 86585 --- [Test worker] o.s.t.c.support.AbstractContextLoader    : Could not detect default resource locations for test class [com.neo.PackageApplicationTests]: no resource found for suffixes {-context.xml, Context.groovy}.
2019-03-26 18:53:09.483  INFO 86585 --- [Test worker] t.c.s.AnnotationConfigContextLoaderUtils : Could not detect default configuration classes for test class [com.neo.PackageApplicationTests]: PackageApplicationTests does not declare any static, non-private, non-final, nested classes annotated with @Configuration.
2019-03-26 18:53:09.500  INFO 86585 --- [Test worker] .b.t.c.SpringBootTestContextBootstrapper : Found @SpringBootConfiguration com.neo.PackageApplication for test class com.neo.PackageApplicationTests
2019-03-26 18:53:09.505  INFO 86585 --- [Test worker] .b.t.c.SpringBootTestContextBootstrapper : Loaded default TestExecutionListener class names from location [META-INF/spring.factories]: [org.springframework.boot.test.autoconfigure.restdocs.RestDocsTestExecutionListener, org.springframework.boot.test.autoconfigure.web.client.MockRestServiceServerResetTestExecutionListener, org.springframework.boot.test.autoconfigure.web.servlet.MockMvcPrintOnlyOnFailureTestExecutionListener, org.springframework.boot.test.autoconfigure.web.servlet.WebDriverTestExecutionListener, org.springframework.boot.test.mock.mockito.MockitoTestExecutionListener, org.springframework.boot.test.mock.mockito.ResetMocksTestExecutionListener, org.springframework.test.context.web.ServletTestExecutionListener, org.springframework.test.context.support.DirtiesContextBeforeModesTestExecutionListener, org.springframework.test.context.support.DependencyInjectionTestExecutionListener, org.springframework.test.context.support.DirtiesContextTestExecutionListener, org.springframework.test.context.transaction.TransactionalTestExecutionListener, org.springframework.test.context.jdbc.SqlScriptsTestExecutionListener]
2019-03-26 18:53:09.507  INFO 86585 --- [Test worker] .b.t.c.SpringBootTestContextBootstrapper : Using TestExecutionListeners: [org.springframework.test.context.web.ServletTestExecutionListener@1c5a2783, org.springframework.test.context.support.DirtiesContextBeforeModesTestExecutionListener@23057237, org.springframework.boot.test.mock.mockito.MockitoTestExecutionListener@45a83153, org.springframework.boot.test.autoconfigure.SpringBootDependencyInjectionTestExecutionListener@3de8267f, org.springframework.test.context.support.DirtiesContextTestExecutionListener@7043687e, org.springframework.boot.test.autoconfigure.restdocs.RestDocsTestExecutionListener@78df388b, org.springframework.boot.test.autoconfigure.web.client.MockRestServiceServerResetTestExecutionListener@7cf9bc6a, org.springframework.boot.test.autoconfigure.web.servlet.MockMvcPrintOnlyOnFailureTestExecutionListener@deb654, org.springframework.boot.test.autoconfigure.web.servlet.WebDriverTestExecutionListener@6bb53ea9, org.springframework.boot.test.mock.mockito.ResetMocksTestExecutionListener@6a2f5834]
2019-03-26 18:53:09.529  INFO 86585 --- [Thread-5] o.s.s.concurrent.ThreadPoolTaskExecutor  : Shutting down ExecutorService 'applicationTaskExecutor'
2019-03-26 18:57:33.466  INFO 86898 --- [main] com.neo.PackageApplication               : Starting PackageApplication on MacBook-Air.local with PID 86898 (/Users/log/myeclipse/myspringboot/spring-boot-package/bin/main started by log in /Users/log/myeclipse/myspringboot/spring-boot-package)
2019-03-26 18:57:33.486  INFO 86898 --- [main] com.neo.PackageApplication               : No active profile set, falling back to default profiles: default
2019-03-26 18:57:37.246  INFO 86898 --- [main] o.s.b.w.embedded.tomcat.TomcatWebServer  : Tomcat initialized with port(s): 8080 (http)
2019-03-26 18:57:37.331  INFO 86898 --- [main] o.apache.catalina.core.StandardService   : Starting service [Tomcat]
2019-03-26 18:57:37.332  INFO 86898 --- [main] org.apache.catalina.core.StandardEngine  : Starting Servlet Engine: Apache Tomcat/9.0.12
2019-03-26 18:57:37.364  INFO 86898 --- [main] o.a.catalina.core.AprLifecycleListener   : The APR based Apache Tomcat Native library which allows optimal performance in production environments was not found on the java.library.path: [/Users/log/Library/Java/Extensions:/Library/Java/Extensions:/Network/Library/Java/Extensions:/System/Library/Java/Extensions:/usr/lib/java:.]
2019-03-26 18:57:37.666  INFO 86898 --- [main] o.a.c.c.C.[Tomcat].[localhost].[/]       : Initializing Spring embedded WebApplicationContext
2019-03-26 18:57:37.666  INFO 86898 --- [main] o.s.web.context.ContextLoader            : Root WebApplicationContext: initialization completed in 4057 ms
2019-03-26 18:57:37.729  INFO 86898 --- [main] o.s.b.w.servlet.ServletRegistrationBean  : Servlet dispatcherServlet mapped to [/]
2019-03-26 18:57:37.743  INFO 86898 --- [main] o.s.b.w.servlet.FilterRegistrationBean   : Mapping filter: 'characterEncodingFilter' to: [/*]
2019-03-26 18:57:37.744  INFO 86898 --- [main] o.s.b.w.servlet.FilterRegistrationBean   : Mapping filter: 'hiddenHttpMethodFilter' to: [/*]
2019-03-26 18:57:37.744  INFO 86898 --- [main] o.s.b.w.servlet.FilterRegistrationBean   : Mapping filter: 'formContentFilter' to: [/*]
2019-03-26 18:57:37.745  INFO 86898 --- [main] o.s.b.w.servlet.FilterRegistrationBean   : Mapping filter: 'requestContextFilter' to: [/*]
2019-03-26 18:57:38.225  INFO 86898 --- [main] o.s.s.concurrent.ThreadPoolTaskExecutor  : Initializing ExecutorService 'applicationTaskExecutor'
2019-03-26 18:57:38.779  INFO 86898 --- [main] o.s.b.w.embedded.tomcat.TomcatWebServer  : Tomcat started on port(s): 8080 (http) with context path ''
2019-03-26 18:57:38.786  INFO 86898 --- [main] com.neo.PackageApplication               : Started PackageApplication in 6.855 seconds (JVM running for 8.043)
2019-03-26 18:57:45.446  INFO 86898 --- [Thread-3] o.s.s.concurrent.ThreadPoolTaskExecutor  : Shutting down ExecutorService 'applicationTaskExecutor'
